{
  "stats": {
    "suites": 1,
    "tests": 5,
    "passes": 5,
    "pending": 0,
    "failures": 0,
    "start": "2025-08-15T21:46:28.714Z",
    "end": "2025-08-15T21:46:31.894Z",
    "duration": 3180,
    "testsRegistered": 5,
    "passPercent": 100,
    "pendingPercent": 0,
    "other": 0,
    "hasOther": false,
    "skipped": 0,
    "hasSkipped": false
  },
  "results": [
    {
      "uuid": "8715fde6-28d1-4dd9-8d1c-d5e1a942a37a",
      "title": "",
      "fullFile": "cypress/e2e/api.spec.js",
      "file": "cypress/e2e/api.spec.js",
      "beforeHooks": [],
      "afterHooks": [],
      "tests": [],
      "suites": [
        {
          "uuid": "f6a999e7-0a84-409d-9c0c-7f586aa54d9c",
          "title": "api page",
          "fullFile": "",
          "file": "",
          "beforeHooks": [],
          "afterHooks": [],
          "tests": [
            {
              "title": "Create Usage Data - Success",
              "fullTitle": "api page Create Usage Data - Success",
              "timedOut": null,
              "duration": 1018,
              "state": "passed",
              "speed": "fast",
              "pass": true,
              "fail": false,
              "pending": false,
              "context": null,
              "code": "cy.login();\ncy.POSTUsageData(Cypress.config().baseUrl).then(response => {\n  // Status code check\n  expect(response.status, 'status code').to.equal(200);\n  // Response structure check\n  expect(response.body, 'response body').to.have.property('message', 'Energy usage saved successfully!');\n});",
              "err": {},
              "uuid": "d0e85096-df2e-4736-b4ef-86b0fa666fa4",
              "parentUUID": "f6a999e7-0a84-409d-9c0c-7f586aa54d9c",
              "isHook": false,
              "skipped": false
            },
            {
              "title": "GET: Fetch all usage records and assert",
              "fullTitle": "api page GET: Fetch all usage records and assert",
              "timedOut": null,
              "duration": 844,
              "state": "passed",
              "speed": "fast",
              "pass": true,
              "fail": false,
              "pending": false,
              "context": null,
              "code": "cy.login();\ncy.fixture('usage-get.json').as('expectedUsage'); // load expected data\ncy.GETUsageData(Cypress.config().baseUrl).then(response => {\n  cy.get('@expectedUsage').then(usageData => {\n    // Assertions in test\n    expect(response.status).to.equal(200);\n    expect(response.body.records, 'records array').to.be.an('array').that.is.not.empty;\n    expect(response.body.records, 'records include fixture data').to.deep.include.members(usageData.records);\n    cy.log('GET UsageData response: ' + JSON.stringify(response.body));\n  });\n});",
              "err": {},
              "uuid": "12cf82ea-033e-4645-8fed-8223598ef2c5",
              "parentUUID": "f6a999e7-0a84-409d-9c0c-7f586aa54d9c",
              "isHook": false,
              "skipped": false
            },
            {
              "title": "Create Usage Data - Failure",
              "fullTitle": "api page Create Usage Data - Failure",
              "timedOut": null,
              "duration": 799,
              "state": "passed",
              "speed": "fast",
              "pass": true,
              "fail": false,
              "pending": false,
              "context": null,
              "code": "cy.login();\ncy.fixture('usage-post.json').then(data => {\n  // Create invalid request (missing required field)\n  const invalidData = _objectSpread(_objectSpread({}, data), {}, {\n    nmi: ''\n  });\n  cy.request({\n    method: \"POST\",\n    url: `${Cypress.config().baseUrl}/api/usage`,\n    failOnStatusCode: false,\n    headers: {\n      'Content-Type': 'application/json;charset=UTF-8'\n    },\n    body: invalidData\n  }).then(response => {\n    expect(response.status, 'status code').to.equal(400); // or your expected error code\n    expect(response.body, 'error message').to.have.property('message', 'Invalid data format');\n  });\n});",
              "err": {},
              "uuid": "a3f1edb9-3c0c-48e5-aea1-f5494c55993a",
              "parentUUID": "f6a999e7-0a84-409d-9c0c-7f586aa54d9c",
              "isHook": false,
              "skipped": false
            },
            {
              "title": "Login API - Success",
              "fullTitle": "api page Login API - Success",
              "timedOut": null,
              "duration": 19,
              "state": "passed",
              "speed": "fast",
              "pass": true,
              "fail": false,
              "pending": false,
              "context": null,
              "code": "cy.fixture('testdata.json').then(data => {\n  cy.POSTLogin(Cypress.config().baseUrl, data.validCredentials).then(response => {\n    expect(response.status).to.equal(200);\n    expect(response.body).to.deep.equal({\n      message: \"Login successful\",\n      token: \"mock-jwt-token-12345\"\n    });\n  });\n});",
              "err": {},
              "uuid": "e171f067-e73f-4f05-ad1d-0513cf80232e",
              "parentUUID": "f6a999e7-0a84-409d-9c0c-7f586aa54d9c",
              "isHook": false,
              "skipped": false
            },
            {
              "title": "Login API - Failure",
              "fullTitle": "api page Login API - Failure",
              "timedOut": null,
              "duration": 17,
              "state": "passed",
              "speed": "fast",
              "pass": true,
              "fail": false,
              "pending": false,
              "context": null,
              "code": "cy.fixture('testdata.json').then(data => {\n  cy.POSTLogin(Cypress.config().baseUrl, data.invalidCredentials).then(response => {\n    expect(response.status).to.equal(401);\n    expect(response.body).to.have.property('message', 'Invalid credentials');\n  });\n});",
              "err": {},
              "uuid": "8ff4a2ea-ca53-4abc-868c-5ddbd5edf8fd",
              "parentUUID": "f6a999e7-0a84-409d-9c0c-7f586aa54d9c",
              "isHook": false,
              "skipped": false
            }
          ],
          "suites": [],
          "passes": [
            "d0e85096-df2e-4736-b4ef-86b0fa666fa4",
            "12cf82ea-033e-4645-8fed-8223598ef2c5",
            "a3f1edb9-3c0c-48e5-aea1-f5494c55993a",
            "e171f067-e73f-4f05-ad1d-0513cf80232e",
            "8ff4a2ea-ca53-4abc-868c-5ddbd5edf8fd"
          ],
          "failures": [],
          "pending": [],
          "skipped": [],
          "duration": 2697,
          "root": false,
          "rootEmpty": false,
          "_timeout": 2000
        }
      ],
      "passes": [],
      "failures": [],
      "pending": [],
      "skipped": [],
      "duration": 0,
      "root": true,
      "rootEmpty": true,
      "_timeout": 2000
    }
  ],
  "meta": {
    "mocha": {
      "version": "7.0.1"
    },
    "mochawesome": {
      "options": {
        "quiet": false,
        "reportFilename": "mochawesome",
        "saveHtml": true,
        "saveJson": true,
        "consoleReporter": "spec",
        "useInlineDiffs": false,
        "code": true
      },
      "version": "7.1.3"
    },
    "marge": {
      "options": {
        "reportDir": "cypress/reports",
        "overwrite": false,
        "html": true,
        "json": true
      },
      "version": "6.2.0"
    }
  }
}