{
  "stats": {
    "suites": 1,
    "tests": 2,
    "passes": 2,
    "pending": 0,
    "failures": 0,
    "start": "2025-08-15T21:38:32.869Z",
    "end": "2025-08-15T21:38:36.219Z",
    "duration": 3350,
    "testsRegistered": 2,
    "passPercent": 100,
    "pendingPercent": 0,
    "other": 0,
    "hasOther": false,
    "skipped": 0,
    "hasSkipped": false
  },
  "results": [
    {
      "uuid": "0cc40698-81ed-4c7d-9b05-1e1f5f118f32",
      "title": "",
      "fullFile": "cypress/e2e/enter-usage.spec.js",
      "file": "cypress/e2e/enter-usage.spec.js",
      "beforeHooks": [],
      "afterHooks": [],
      "tests": [],
      "suites": [
        {
          "uuid": "8c9c0d9f-f58d-47d7-9a8f-eb3b9ca85a7e",
          "title": "Enter Energy Usage",
          "fullFile": "",
          "file": "",
          "beforeHooks": [],
          "afterHooks": [],
          "tests": [
            {
              "title": "fills the multi-step form and saves a new record",
              "fullTitle": "Enter Energy Usage fills the multi-step form and saves a new record",
              "timedOut": null,
              "duration": 1775,
              "state": "passed",
              "speed": "fast",
              "pass": true,
              "fail": false,
              "pending": false,
              "context": null,
              "code": "const randomPrefix = (0, _dataGenerator.getRandomDropdownValue)();\n_enterUsage.enterUsagePage.nmiPrefix().select(randomPrefix).should('have.value', randomPrefix);\n_enterUsage.enterUsagePage.nmiSuffix().type((0, _dataGenerator.getRandomNmiSuffix)());\n_enterUsage.enterUsagePage.submit().click();\n_enterUsage.enterUsagePage.usageInput().type((0, _dataGenerator.getRandomUsage)());\n_enterUsage.enterUsagePage.save().filter(':visible').should('be.enabled').click();\ncy.url().should('include', '/dashboard');",
              "err": {},
              "uuid": "7992a7c0-87b1-4ec0-a579-281798575f18",
              "parentUUID": "8c9c0d9f-f58d-47d7-9a8f-eb3b9ca85a7e",
              "isHook": false,
              "skipped": false
            },
            {
              "title": "invalid data show error",
              "fullTitle": "Enter Energy Usage invalid data show error",
              "timedOut": null,
              "duration": 1300,
              "state": "passed",
              "speed": "fast",
              "pass": true,
              "fail": false,
              "pending": false,
              "context": null,
              "code": "_enterUsage.enterUsagePage.nmiPrefix().select('NEM');\n_enterUsage.enterUsagePage.nmiSuffix().type('12345');\n_enterUsage.enterUsagePage.submit().click();\ncy.contains('div', 'Invalid form data: invalid NMI').should('be.visible');",
              "err": {},
              "uuid": "271d3548-ce87-4696-9611-545c507296e7",
              "parentUUID": "8c9c0d9f-f58d-47d7-9a8f-eb3b9ca85a7e",
              "isHook": false,
              "skipped": false
            }
          ],
          "suites": [],
          "passes": [
            "7992a7c0-87b1-4ec0-a579-281798575f18",
            "271d3548-ce87-4696-9611-545c507296e7"
          ],
          "failures": [],
          "pending": [],
          "skipped": [],
          "duration": 3075,
          "root": false,
          "rootEmpty": false,
          "_timeout": 2000
        }
      ],
      "passes": [],
      "failures": [],
      "pending": [],
      "skipped": [],
      "duration": 0,
      "root": true,
      "rootEmpty": true,
      "_timeout": 2000
    }
  ],
  "meta": {
    "mocha": {
      "version": "7.0.1"
    },
    "mochawesome": {
      "options": {
        "quiet": false,
        "reportFilename": "mochawesome",
        "saveHtml": true,
        "saveJson": true,
        "consoleReporter": "spec",
        "useInlineDiffs": false,
        "code": true
      },
      "version": "7.1.3"
    },
    "marge": {
      "options": {
        "reportDir": "cypress/reports",
        "overwrite": false,
        "html": true,
        "json": true
      },
      "version": "6.2.0"
    }
  }
}