{
  "stats": {
    "suites": 1,
    "tests": 2,
    "passes": 2,
    "pending": 0,
    "failures": 0,
    "start": "2025-08-15T21:46:37.046Z",
    "end": "2025-08-15T21:46:38.881Z",
    "duration": 1835,
    "testsRegistered": 2,
    "passPercent": 100,
    "pendingPercent": 0,
    "other": 0,
    "hasOther": false,
    "skipped": 0,
    "hasSkipped": false
  },
  "results": [
    {
      "uuid": "6e6e6073-5df5-4bdd-99f0-8d98686cc80a",
      "title": "",
      "fullFile": "cypress/e2e/login.spec.js",
      "file": "cypress/e2e/login.spec.js",
      "beforeHooks": [],
      "afterHooks": [],
      "tests": [],
      "suites": [
        {
          "uuid": "c0bfad3f-cc2a-4676-b1ee-8685182f185f",
          "title": "Authentication",
          "fullFile": "",
          "file": "",
          "beforeHooks": [],
          "afterHooks": [],
          "tests": [
            {
              "title": "happy path: logs in with valid credentials",
              "fullTitle": "Authentication happy path: logs in with valid credentials",
              "timedOut": null,
              "duration": 809,
              "state": "passed",
              "speed": "fast",
              "pass": true,
              "fail": false,
              "pending": false,
              "context": null,
              "code": "cy.fixture('testData.json').then(testdata => {\n  _login.loginPage.username().type(testdata.validCredentials.username);\n  _login.loginPage.password().type(testdata.validCredentials.password);\n  _login.loginPage.submit().click();\n  // assert redirect to home\n  cy.url({\n    timeout: 30000\n  }).should('include', '/home');\n  cy.get('h2.chakra-heading', {\n    timeout: 10000\n  }).should('be.visible').and('contain', 'Welcome to your assignment!');\n});",
              "err": {},
              "uuid": "c61e8294-0d98-4384-b0b3-e21f716685cb",
              "parentUUID": "c0bfad3f-cc2a-4676-b1ee-8685182f185f",
              "isHook": false,
              "skipped": false
            },
            {
              "title": "invalid credentials show error",
              "fullTitle": "Authentication invalid credentials show error",
              "timedOut": null,
              "duration": 672,
              "state": "passed",
              "speed": "fast",
              "pass": true,
              "fail": false,
              "pending": false,
              "context": null,
              "code": "cy.fixture('testData.json').then(testdata => {\n  _login.loginPage.username().type(testdata.invalidCredentials.username);\n  _login.loginPage.password().type(testdata.invalidCredentials.password);\n  _login.loginPage.submit().click();\n  cy.contains('div', 'Something went wrong!').should('be.visible');\n});",
              "err": {},
              "uuid": "e7475b64-c724-4477-be9b-60d2d85fb523",
              "parentUUID": "c0bfad3f-cc2a-4676-b1ee-8685182f185f",
              "isHook": false,
              "skipped": false
            }
          ],
          "suites": [],
          "passes": [
            "c61e8294-0d98-4384-b0b3-e21f716685cb",
            "e7475b64-c724-4477-be9b-60d2d85fb523"
          ],
          "failures": [],
          "pending": [],
          "skipped": [],
          "duration": 1481,
          "root": false,
          "rootEmpty": false,
          "_timeout": 2000
        }
      ],
      "passes": [],
      "failures": [],
      "pending": [],
      "skipped": [],
      "duration": 0,
      "root": true,
      "rootEmpty": true,
      "_timeout": 2000
    }
  ],
  "meta": {
    "mocha": {
      "version": "7.0.1"
    },
    "mochawesome": {
      "options": {
        "quiet": false,
        "reportFilename": "mochawesome",
        "saveHtml": true,
        "saveJson": true,
        "consoleReporter": "spec",
        "useInlineDiffs": false,
        "code": true
      },
      "version": "7.1.3"
    },
    "marge": {
      "options": {
        "reportDir": "cypress/reports",
        "overwrite": false,
        "html": true,
        "json": true
      },
      "version": "6.2.0"
    }
  }
}