{
  "stats": {
    "suites": 1,
    "tests": 2,
    "passes": 2,
    "pending": 0,
    "failures": 0,
    "start": "2025-08-15T21:46:32.798Z",
    "end": "2025-08-15T21:46:36.209Z",
    "duration": 3411,
    "testsRegistered": 2,
    "passPercent": 100,
    "pendingPercent": 0,
    "other": 0,
    "hasOther": false,
    "skipped": 0,
    "hasSkipped": false
  },
  "results": [
    {
      "uuid": "1d18c10b-03a9-4298-81f0-891fcbf6131b",
      "title": "",
      "fullFile": "cypress/e2e/enter-usage.spec.js",
      "file": "cypress/e2e/enter-usage.spec.js",
      "beforeHooks": [],
      "afterHooks": [],
      "tests": [],
      "suites": [
        {
          "uuid": "a07e3e32-6c77-4514-bcc7-963f1c2cbfc7",
          "title": "Enter Energy Usage",
          "fullFile": "",
          "file": "",
          "beforeHooks": [],
          "afterHooks": [],
          "tests": [
            {
              "title": "fills the multi-step form and saves a new record",
              "fullTitle": "Enter Energy Usage fills the multi-step form and saves a new record",
              "timedOut": null,
              "duration": 1764,
              "state": "passed",
              "speed": "fast",
              "pass": true,
              "fail": false,
              "pending": false,
              "context": null,
              "code": "const randomPrefix = (0, _dataGenerator.getRandomDropdownValue)();\n_enterUsage.enterUsagePage.nmiPrefix().select(randomPrefix).should('have.value', randomPrefix);\n_enterUsage.enterUsagePage.nmiSuffix().type((0, _dataGenerator.getRandomNmiSuffix)());\n_enterUsage.enterUsagePage.submit().click();\n_enterUsage.enterUsagePage.usageInput().type((0, _dataGenerator.getRandomUsage)());\n_enterUsage.enterUsagePage.save().filter(':visible').should('be.enabled').click();\ncy.url().should('include', '/dashboard');",
              "err": {},
              "uuid": "d5f1751b-3908-46c9-83f6-9c6501717df8",
              "parentUUID": "a07e3e32-6c77-4514-bcc7-963f1c2cbfc7",
              "isHook": false,
              "skipped": false
            },
            {
              "title": "invalid data show error",
              "fullTitle": "Enter Energy Usage invalid data show error",
              "timedOut": null,
              "duration": 1257,
              "state": "passed",
              "speed": "fast",
              "pass": true,
              "fail": false,
              "pending": false,
              "context": null,
              "code": "_enterUsage.enterUsagePage.nmiPrefix().select('NEM');\n_enterUsage.enterUsagePage.nmiSuffix().type('12345');\n_enterUsage.enterUsagePage.submit().click();\ncy.contains('div', 'Invalid form data: invalid NMI').should('be.visible');",
              "err": {},
              "uuid": "2fd9b4eb-2d90-4b03-9fae-5f3e78afc6db",
              "parentUUID": "a07e3e32-6c77-4514-bcc7-963f1c2cbfc7",
              "isHook": false,
              "skipped": false
            }
          ],
          "suites": [],
          "passes": [
            "d5f1751b-3908-46c9-83f6-9c6501717df8",
            "2fd9b4eb-2d90-4b03-9fae-5f3e78afc6db"
          ],
          "failures": [],
          "pending": [],
          "skipped": [],
          "duration": 3021,
          "root": false,
          "rootEmpty": false,
          "_timeout": 2000
        }
      ],
      "passes": [],
      "failures": [],
      "pending": [],
      "skipped": [],
      "duration": 0,
      "root": true,
      "rootEmpty": true,
      "_timeout": 2000
    }
  ],
  "meta": {
    "mocha": {
      "version": "7.0.1"
    },
    "mochawesome": {
      "options": {
        "quiet": false,
        "reportFilename": "mochawesome",
        "saveHtml": true,
        "saveJson": true,
        "consoleReporter": "spec",
        "useInlineDiffs": false,
        "code": true
      },
      "version": "7.1.3"
    },
    "marge": {
      "options": {
        "reportDir": "cypress/reports",
        "overwrite": false,
        "html": true,
        "json": true
      },
      "version": "6.2.0"
    }
  }
}