{
  "stats": {
    "suites": 1,
    "tests": 2,
    "passes": 2,
    "pending": 0,
    "failures": 0,
    "start": "2025-08-16T16:38:38.458Z",
    "end": "2025-08-16T16:38:41.751Z",
    "duration": 3293,
    "testsRegistered": 2,
    "passPercent": 100,
    "pendingPercent": 0,
    "other": 0,
    "hasOther": false,
    "skipped": 0,
    "hasSkipped": false
  },
  "results": [
    {
      "uuid": "02478f05-fed2-4df3-94f4-26ef8d207d99",
      "title": "",
      "fullFile": "cypress/e2e/enter-usage.spec.js",
      "file": "cypress/e2e/enter-usage.spec.js",
      "beforeHooks": [],
      "afterHooks": [],
      "tests": [],
      "suites": [
        {
          "uuid": "bbbe8447-c483-42ff-a68c-cf6a8a53d294",
          "title": "Enter Energy Usage",
          "fullFile": "",
          "file": "",
          "beforeHooks": [],
          "afterHooks": [],
          "tests": [
            {
              "title": "fills the multi-step form and saves a new record",
              "fullTitle": "Enter Energy Usage fills the multi-step form and saves a new record",
              "timedOut": null,
              "duration": 1732,
              "state": "passed",
              "speed": "fast",
              "pass": true,
              "fail": false,
              "pending": false,
              "context": null,
              "code": "const randomPrefix = (0, _dataGenerator.getRandomDropdownValue)();\n_enterUsage.enterUsagePage.nmiPrefix().select(randomPrefix).should('have.value', randomPrefix);\n_enterUsage.enterUsagePage.nmiSuffix().type((0, _dataGenerator.getRandomNmiSuffix)());\n_enterUsage.enterUsagePage.submit().click();\n_enterUsage.enterUsagePage.usageInput().type((0, _dataGenerator.getRandomUsage)());\n_enterUsage.enterUsagePage.save().filter(':visible').should('be.enabled').click();\ncy.url().should('include', '/dashboard');",
              "err": {},
              "uuid": "43fbaf2e-62ed-4f46-9ff9-a89bef433365",
              "parentUUID": "bbbe8447-c483-42ff-a68c-cf6a8a53d294",
              "isHook": false,
              "skipped": false
            },
            {
              "title": "invalid data show error",
              "fullTitle": "Enter Energy Usage invalid data show error",
              "timedOut": null,
              "duration": 1274,
              "state": "passed",
              "speed": "fast",
              "pass": true,
              "fail": false,
              "pending": false,
              "context": null,
              "code": "_enterUsage.enterUsagePage.nmiPrefix().select('NEM');\n_enterUsage.enterUsagePage.nmiSuffix().type('12345');\n_enterUsage.enterUsagePage.submit().click();\ncy.contains('div', 'Invalid form data: invalid NMI').should('be.visible');",
              "err": {},
              "uuid": "95267acc-c280-444f-bec7-664fd7949ee4",
              "parentUUID": "bbbe8447-c483-42ff-a68c-cf6a8a53d294",
              "isHook": false,
              "skipped": false
            }
          ],
          "suites": [],
          "passes": [
            "43fbaf2e-62ed-4f46-9ff9-a89bef433365",
            "95267acc-c280-444f-bec7-664fd7949ee4"
          ],
          "failures": [],
          "pending": [],
          "skipped": [],
          "duration": 3006,
          "root": false,
          "rootEmpty": false,
          "_timeout": 2000
        }
      ],
      "passes": [],
      "failures": [],
      "pending": [],
      "skipped": [],
      "duration": 0,
      "root": true,
      "rootEmpty": true,
      "_timeout": 2000
    }
  ],
  "meta": {
    "mocha": {
      "version": "7.0.1"
    },
    "mochawesome": {
      "options": {
        "quiet": false,
        "reportFilename": "mochawesome",
        "saveHtml": true,
        "saveJson": true,
        "consoleReporter": "spec",
        "useInlineDiffs": false,
        "code": true
      },
      "version": "7.1.3"
    },
    "marge": {
      "options": {
        "reportDir": "cypress/reports",
        "overwrite": false,
        "html": true,
        "json": true
      },
      "version": "6.2.0"
    }
  }
}