{
  "stats": {
    "suites": 1,
    "tests": 5,
    "passes": 5,
    "pending": 0,
    "failures": 0,
    "start": "2025-08-16T16:38:34.180Z",
    "end": "2025-08-16T16:38:37.656Z",
    "duration": 3476,
    "testsRegistered": 5,
    "passPercent": 100,
    "pendingPercent": 0,
    "other": 0,
    "hasOther": false,
    "skipped": 0,
    "hasSkipped": false
  },
  "results": [
    {
      "uuid": "e604b4dc-e68b-45fc-ba7f-c43986bb0b88",
      "title": "",
      "fullFile": "cypress/e2e/api.spec.js",
      "file": "cypress/e2e/api.spec.js",
      "beforeHooks": [],
      "afterHooks": [],
      "tests": [],
      "suites": [
        {
          "uuid": "8cd9ce38-0b89-440a-b258-f1ae2ed83d03",
          "title": "api page",
          "fullFile": "",
          "file": "",
          "beforeHooks": [],
          "afterHooks": [],
          "tests": [
            {
              "title": "Create Usage Data - Success",
              "fullTitle": "api page Create Usage Data - Success",
              "timedOut": null,
              "duration": 899,
              "state": "passed",
              "speed": "fast",
              "pass": true,
              "fail": false,
              "pending": false,
              "context": null,
              "code": "cy.login();\ncy.POSTUsageData(Cypress.config().baseUrl).then(response => {\n  // Status code check\n  expect(response.status, 'status code').to.equal(200);\n  // Response structure check\n  expect(response.body, 'response body').to.have.property('message', 'Energy usage saved successfully!');\n});",
              "err": {},
              "uuid": "26318e69-bb69-4c6b-8648-06f314613091",
              "parentUUID": "8cd9ce38-0b89-440a-b258-f1ae2ed83d03",
              "isHook": false,
              "skipped": false
            },
            {
              "title": "GET: Fetch all usage records and assert",
              "fullTitle": "api page GET: Fetch all usage records and assert",
              "timedOut": null,
              "duration": 823,
              "state": "passed",
              "speed": "fast",
              "pass": true,
              "fail": false,
              "pending": false,
              "context": null,
              "code": "cy.login();\ncy.fixture('usage-get.json').as('expectedUsage'); // load expected data\ncy.GETUsageData(Cypress.config().baseUrl).then(response => {\n  cy.get('@expectedUsage').then(usageData => {\n    // Assertions in test\n    expect(response.status).to.equal(200);\n    expect(response.body.records, 'records array').to.be.an('array').that.is.not.empty;\n    expect(response.body.records, 'records include fixture data').to.deep.include.members(usageData.records);\n    cy.log('GET UsageData response: ' + JSON.stringify(response.body));\n  });\n});",
              "err": {},
              "uuid": "57ff39ce-1ace-4d31-b825-8b446736603d",
              "parentUUID": "8cd9ce38-0b89-440a-b258-f1ae2ed83d03",
              "isHook": false,
              "skipped": false
            },
            {
              "title": "Create Usage Data - Failure",
              "fullTitle": "api page Create Usage Data - Failure",
              "timedOut": null,
              "duration": 814,
              "state": "passed",
              "speed": "fast",
              "pass": true,
              "fail": false,
              "pending": false,
              "context": null,
              "code": "cy.login();\ncy.fixture('usage-post.json').then(data => {\n  // Create invalid request (missing required field)\n  const invalidData = _objectSpread(_objectSpread({}, data), {}, {\n    nmi: ''\n  });\n  cy.request({\n    method: \"POST\",\n    url: `${Cypress.config().baseUrl}/api/usage`,\n    failOnStatusCode: false,\n    headers: {\n      'Content-Type': 'application/json;charset=UTF-8'\n    },\n    body: invalidData\n  }).then(response => {\n    expect(response.status, 'status code').to.equal(400); // or your expected error code\n    expect(response.body, 'error message').to.have.property('message', 'Invalid data format');\n  });\n});",
              "err": {},
              "uuid": "ef786905-eb80-4350-a516-8a6a5a20bba8",
              "parentUUID": "8cd9ce38-0b89-440a-b258-f1ae2ed83d03",
              "isHook": false,
              "skipped": false
            },
            {
              "title": "Login API - Success",
              "fullTitle": "api page Login API - Success",
              "timedOut": null,
              "duration": 20,
              "state": "passed",
              "speed": "fast",
              "pass": true,
              "fail": false,
              "pending": false,
              "context": null,
              "code": "cy.fixture('testdata.json').then(data => {\n  cy.POSTLogin(Cypress.config().baseUrl, data.validCredentials).then(response => {\n    expect(response.status).to.equal(200);\n    expect(response.body).to.deep.equal({\n      message: \"Login successful\",\n      token: \"mock-jwt-token-12345\"\n    });\n  });\n});",
              "err": {},
              "uuid": "a5af06ac-4abe-4959-8fc5-ff84ff4a7ddd",
              "parentUUID": "8cd9ce38-0b89-440a-b258-f1ae2ed83d03",
              "isHook": false,
              "skipped": false
            },
            {
              "title": "Login API - Failure",
              "fullTitle": "api page Login API - Failure",
              "timedOut": null,
              "duration": 20,
              "state": "passed",
              "speed": "fast",
              "pass": true,
              "fail": false,
              "pending": false,
              "context": null,
              "code": "cy.fixture('testdata.json').then(data => {\n  cy.POSTLogin(Cypress.config().baseUrl, data.invalidCredentials).then(response => {\n    expect(response.status).to.equal(401);\n    expect(response.body).to.have.property('message', 'Invalid credentials');\n  });\n});",
              "err": {},
              "uuid": "4781030b-3786-4bc6-84b1-bd9235169093",
              "parentUUID": "8cd9ce38-0b89-440a-b258-f1ae2ed83d03",
              "isHook": false,
              "skipped": false
            }
          ],
          "suites": [],
          "passes": [
            "26318e69-bb69-4c6b-8648-06f314613091",
            "57ff39ce-1ace-4d31-b825-8b446736603d",
            "ef786905-eb80-4350-a516-8a6a5a20bba8",
            "a5af06ac-4abe-4959-8fc5-ff84ff4a7ddd",
            "4781030b-3786-4bc6-84b1-bd9235169093"
          ],
          "failures": [],
          "pending": [],
          "skipped": [],
          "duration": 2576,
          "root": false,
          "rootEmpty": false,
          "_timeout": 2000
        }
      ],
      "passes": [],
      "failures": [],
      "pending": [],
      "skipped": [],
      "duration": 0,
      "root": true,
      "rootEmpty": true,
      "_timeout": 2000
    }
  ],
  "meta": {
    "mocha": {
      "version": "7.0.1"
    },
    "mochawesome": {
      "options": {
        "quiet": false,
        "reportFilename": "mochawesome",
        "saveHtml": true,
        "saveJson": true,
        "consoleReporter": "spec",
        "useInlineDiffs": false,
        "code": true
      },
      "version": "7.1.3"
    },
    "marge": {
      "options": {
        "reportDir": "cypress/reports",
        "overwrite": false,
        "html": true,
        "json": true
      },
      "version": "6.2.0"
    }
  }
}