{
  "stats": {
    "suites": 1,
    "tests": 2,
    "passes": 2,
    "pending": 0,
    "failures": 0,
    "start": "2025-08-16T16:33:49.614Z",
    "end": "2025-08-16T16:33:51.398Z",
    "duration": 1784,
    "testsRegistered": 2,
    "passPercent": 100,
    "pendingPercent": 0,
    "other": 0,
    "hasOther": false,
    "skipped": 0,
    "hasSkipped": false
  },
  "results": [
    {
      "uuid": "d3245c13-a0e9-4d96-9cf0-6ae38014bb2d",
      "title": "",
      "fullFile": "cypress/e2e/login.spec.js",
      "file": "cypress/e2e/login.spec.js",
      "beforeHooks": [],
      "afterHooks": [],
      "tests": [],
      "suites": [
        {
          "uuid": "721d2df4-cb97-4e8b-a269-3a96177b84e0",
          "title": "Authentication",
          "fullFile": "",
          "file": "",
          "beforeHooks": [],
          "afterHooks": [],
          "tests": [
            {
              "title": "happy path: logs in with valid credentials",
              "fullTitle": "Authentication happy path: logs in with valid credentials",
              "timedOut": null,
              "duration": 805,
              "state": "passed",
              "speed": "fast",
              "pass": true,
              "fail": false,
              "pending": false,
              "context": null,
              "code": "cy.fixture('testData.json').then(testdata => {\n  _login.loginPage.username().type(testdata.validCredentials.username);\n  _login.loginPage.password().type(testdata.validCredentials.password);\n  _login.loginPage.submit().click();\n  // assert redirect to home\n  cy.url({\n    timeout: 30000\n  }).should('include', '/home');\n  cy.get('h2.chakra-heading', {\n    timeout: 10000\n  }).should('be.visible').and('contain', 'Welcome to your assignment!');\n});",
              "err": {},
              "uuid": "059a3858-9814-473c-a028-6373d5b93604",
              "parentUUID": "721d2df4-cb97-4e8b-a269-3a96177b84e0",
              "isHook": false,
              "skipped": false
            },
            {
              "title": "invalid credentials show error",
              "fullTitle": "Authentication invalid credentials show error",
              "timedOut": null,
              "duration": 672,
              "state": "passed",
              "speed": "fast",
              "pass": true,
              "fail": false,
              "pending": false,
              "context": null,
              "code": "cy.fixture('testData.json').then(testdata => {\n  _login.loginPage.username().type(testdata.invalidCredentials.username);\n  _login.loginPage.password().type(testdata.invalidCredentials.password);\n  _login.loginPage.submit().click();\n  cy.contains('div', 'Something went wrong!').should('be.visible');\n});",
              "err": {},
              "uuid": "eb361a02-4065-4f80-a38e-10ac796a01d9",
              "parentUUID": "721d2df4-cb97-4e8b-a269-3a96177b84e0",
              "isHook": false,
              "skipped": false
            }
          ],
          "suites": [],
          "passes": [
            "059a3858-9814-473c-a028-6373d5b93604",
            "eb361a02-4065-4f80-a38e-10ac796a01d9"
          ],
          "failures": [],
          "pending": [],
          "skipped": [],
          "duration": 1477,
          "root": false,
          "rootEmpty": false,
          "_timeout": 2000
        }
      ],
      "passes": [],
      "failures": [],
      "pending": [],
      "skipped": [],
      "duration": 0,
      "root": true,
      "rootEmpty": true,
      "_timeout": 2000
    }
  ],
  "meta": {
    "mocha": {
      "version": "7.0.1"
    },
    "mochawesome": {
      "options": {
        "quiet": false,
        "reportFilename": "mochawesome",
        "saveHtml": true,
        "saveJson": true,
        "consoleReporter": "spec",
        "useInlineDiffs": false,
        "code": true
      },
      "version": "7.1.3"
    },
    "marge": {
      "options": {
        "reportDir": "cypress/reports",
        "overwrite": false,
        "html": true,
        "json": true
      },
      "version": "6.2.0"
    }
  }
}